2026-01-06 13:15:05.928 INFO  [background-preinit] o.h.validator.internal.util.Version - HV000001: Hibernate Validator 8.0.1.Final
2026-01-06 13:15:05.935 INFO  [Test worker] c.m.n.NabusiServerApplicationTests - Starting NabusiServerApplicationTests using Java 17.0.15 with PID 8323 (started by kwonjunhak in /Users/kwonjunhak/workspace/nabusi-server)
2026-01-06 13:15:05.935 INFO  [Test worker] c.m.n.NabusiServerApplicationTests - No active profile set, falling back to 1 default profile: "default"
2026-01-06 13:15:05.944 DEBUG [Test worker] o.s.w.c.s.GenericWebApplicationContext - Refreshing org.springframework.web.context.support.GenericWebApplicationContext@763cf5b9
2026-01-06 13:15:06.312 INFO  [Test worker] o.s.d.r.c.RepositoryConfigurationDelegate - Bootstrapping Spring Data JPA repositories in DEFAULT mode.
2026-01-06 13:15:06.403 INFO  [Test worker] o.s.d.r.c.RepositoryConfigurationDelegate - Finished Spring Data repository scanning in 88 ms. Found 48 JPA repository interfaces.
2026-01-06 13:15:06.696 INFO  [Test worker] com.zaxxer.hikari.HikariDataSource - HikariPool-1 - Starting...
2026-01-06 13:15:06.837 INFO  [Test worker] com.zaxxer.hikari.pool.HikariPool - HikariPool-1 - Added connection com.mysql.cj.jdbc.ConnectionImpl@7535f28
2026-01-06 13:15:06.838 INFO  [Test worker] com.zaxxer.hikari.HikariDataSource - HikariPool-1 - Start completed.
2026-01-06 13:15:06.862 INFO  [Test worker] org.flywaydb.core.FlywayExecutor - Database: jdbc:mysql://localhost:3306/nabusi_server (MySQL 9.3)
2026-01-06 13:15:06.872 WARN  [Test worker] o.f.c.i.database.base.Database - Flyway upgrade recommended: MySQL 9.3 is newer than this version of Flyway and support has not been tested. The latest supported version of MySQL is 8.1.
2026-01-06 13:15:06.907 INFO  [Test worker] o.f.core.internal.command.DbValidate - Successfully validated 46 migrations (execution time 00:00.029s)
2026-01-06 13:15:06.917 INFO  [Test worker] o.f.core.internal.command.DbMigrate - Current version of schema `nabusi_server`: 46
2026-01-06 13:15:06.920 INFO  [Test worker] o.f.core.internal.command.DbMigrate - Schema `nabusi_server` is up to date. No migration necessary.
2026-01-06 13:15:06.964 INFO  [Test worker] o.h.jpa.internal.util.LogHelper - HHH000204: Processing PersistenceUnitInfo [name: default]
2026-01-06 13:15:06.979 INFO  [Test worker] org.hibernate.Version - HHH000412: Hibernate ORM core version 6.5.3.Final
2026-01-06 13:15:06.989 INFO  [Test worker] o.h.c.i.RegionFactoryInitiator - HHH000026: Second-level cache disabled
2026-01-06 13:15:07.086 INFO  [Test worker] o.s.o.j.p.SpringPersistenceUnitInfo - No LoadTimeWeaver setup: ignoring JPA class transformer
2026-01-06 13:15:07.109 WARN  [Test worker] org.hibernate.orm.deprecation - HHH90000025: MySQL8Dialect does not need to be specified explicitly using 'hibernate.dialect' (remove the property setting and it will be selected by default)
2026-01-06 13:15:07.110 WARN  [Test worker] org.hibernate.orm.deprecation - HHH90000026: MySQL8Dialect has been deprecated; use org.hibernate.dialect.MySQLDialect instead
2026-01-06 13:15:07.676 INFO  [Test worker] o.h.e.t.j.p.i.JtaPlatformInitiator - HHH000489: No JTA platform available (set 'hibernate.transaction.jta.platform' to enable JTA platform integration)
2026-01-06 13:15:07.706 INFO  [Test worker] o.s.o.j.LocalContainerEntityManagerFactoryBean - Initialized JPA EntityManagerFactory for persistence unit 'default'
2026-01-06 13:15:07.713 INFO  [Test worker] c.m.nabusi_server.FCMInitializer - 🚀 Initializing Firebase with file: firebase/nabusi-f20e3-firebase-adminsdk-fbsvc-9902a35f55.json and Project ID: nabusi-f20e3
2026-01-06 13:15:07.772 INFO  [Test worker] c.m.nabusi_server.FCMInitializer - 🔥 Firebase (default) has been initialized successfully. Project ID: nabusi-f20e3
2026-01-06 13:15:07.850 INFO  [Test worker] o.s.d.j.r.query.QueryEnhancerFactory - Hibernate is in classpath; If applicable, HQL parser will be used.
2026-01-06 13:15:07.956 DEBUG [Test worker] org.hibernate.SQL - [34mselect[0m me1_0.id,me1_0.center_id_list,me1_0.created_date,me1_0.email,me1_0.is_delete,me1_0.last_updated_date,me1_0.mobile,me1_0.name,me1_0.social_name [34mfrom[0m [34mmember[0m me1_0 [34mwhere[0m [34mnot[0m(me1_0.is_delete)
2026-01-06 13:15:07.969 DEBUG [Test worker] org.hibernate.SQL - [34mselect[0m r1_0.member_id,r1_1.id,r1_1.center_id,r1_1.created_date,r1_1.description,r1_1.last_updated_date,r1_1.name [34mfrom[0m member_role r1_0 [34mjoin[0m role r1_1 [34mon[0m r1_1.id=r1_0.role_id [34mwhere[0m r1_0.member_id=?
2026-01-06 13:15:07.969 TRACE [Test worker] org.hibernate.orm.jdbc.bind - binding parameter (1:BIGINT) <- [8]
2026-01-06 13:15:07.976 DEBUG [Test worker] org.hibernate.SQL - [34mselect[0m up1_0.role_id,up1_1.id,up1_1.action_name,up1_1.center_id,up1_1.created_date,up1_1.description,up1_1.last_updated_date,up1_1.[34mmethod[0m,up1_1.url [34mfrom[0m role_url_pattern up1_0 [34mjoin[0m url_pattern up1_1 [34mon[0m up1_1.id=up1_0.url_pattern_id [34mwhere[0m up1_0.role_id=?
2026-01-06 13:15:07.976 TRACE [Test worker] org.hibernate.orm.jdbc.bind - binding parameter (1:BIGINT) <- [2]
2026-01-06 13:15:07.980 DEBUG [Test worker] org.hibernate.SQL - [34mselect[0m r1_0.member_id,r1_1.id,r1_1.center_id,r1_1.created_date,r1_1.description,r1_1.last_updated_date,r1_1.name [34mfrom[0m member_role r1_0 [34mjoin[0m role r1_1 [34mon[0m r1_1.id=r1_0.role_id [34mwhere[0m r1_0.member_id=?
2026-01-06 13:15:07.981 TRACE [Test worker] org.hibernate.orm.jdbc.bind - binding parameter (1:BIGINT) <- [6]
2026-01-06 13:15:07.981 DEBUG [Test worker] org.hibernate.SQL - [34mselect[0m r1_0.member_id,r1_1.id,r1_1.center_id,r1_1.created_date,r1_1.description,r1_1.last_updated_date,r1_1.name [34mfrom[0m member_role r1_0 [34mjoin[0m role r1_1 [34mon[0m r1_1.id=r1_0.role_id [34mwhere[0m r1_0.member_id=?
2026-01-06 13:15:07.982 TRACE [Test worker] org.hibernate.orm.jdbc.bind - binding parameter (1:BIGINT) <- [2]
2026-01-06 13:15:07.982 DEBUG [Test worker] org.hibernate.SQL - [34mselect[0m up1_0.role_id,up1_1.id,up1_1.action_name,up1_1.center_id,up1_1.created_date,up1_1.description,up1_1.last_updated_date,up1_1.[34mmethod[0m,up1_1.url [34mfrom[0m role_url_pattern up1_0 [34mjoin[0m url_pattern up1_1 [34mon[0m up1_1.id=up1_0.url_pattern_id [34mwhere[0m up1_0.role_id=?
2026-01-06 13:15:07.982 TRACE [Test worker] org.hibernate.orm.jdbc.bind - binding parameter (1:BIGINT) <- [7]
2026-01-06 13:15:07.989 DEBUG [Test worker] org.hibernate.SQL - [34mselect[0m up1_0.role_id,up1_1.id,up1_1.action_name,up1_1.center_id,up1_1.created_date,up1_1.description,up1_1.last_updated_date,up1_1.[34mmethod[0m,up1_1.url [34mfrom[0m role_url_pattern up1_0 [34mjoin[0m url_pattern up1_1 [34mon[0m up1_1.id=up1_0.url_pattern_id [34mwhere[0m up1_0.role_id=?
2026-01-06 13:15:07.989 TRACE [Test worker] org.hibernate.orm.jdbc.bind - binding parameter (1:BIGINT) <- [3]
2026-01-06 13:15:08.448 WARN  [Test worker] o.s.b.a.o.j.JpaBaseConfiguration$JpaWebConfiguration - spring.jpa.open-in-view is enabled by default. Therefore, database queries may be performed during view rendering. Explicitly configure spring.jpa.open-in-view to disable this warning
2026-01-06 13:15:08.472 DEBUG [Test worker] o.s.s.c.a.a.c.AuthenticationConfiguration$DefaultPasswordEncoderAuthenticationManagerBuilder - No authenticationProviders and no parentAuthenticationManager defined. Returning null.
2026-01-06 13:15:08.502 DEBUG [Test worker] o.s.s.web.DefaultSecurityFilterChain - Will secure any request with filters: DisableEncodeUrlFilter, WebAsyncManagerIntegrationFilter, SecurityContextHolderFilter, HeaderWriterFilter, CorsFilter, LogoutFilter, OAuth2AuthorizationRequestRedirectFilter, OAuth2LoginAuthenticationFilter, DefaultLoginPageGeneratingFilter, DefaultLogoutPageGeneratingFilter, RequestCacheAwareFilter, SecurityContextHolderAwareRequestFilter, AnonymousAuthenticationFilter, ExceptionTranslationFilter
2026-01-06 13:15:08.582 DEBUG [Test worker] o.s.w.s.m.m.a.RequestMappingHandlerMapping - 139 mappings in 'requestMappingHandlerMapping'
2026-01-06 13:15:08.601 DEBUG [Test worker] o.s.w.s.h.SimpleUrlHandlerMapping - Patterns [/webjars/**, /**, /swagger-ui*/*swagger-initializer.js, /swagger-ui*/**] in 'resourceHandlerMapping'
2026-01-06 13:15:08.614 DEBUG [Test worker] o.s.w.s.m.m.a.RequestMappingHandlerAdapter - ControllerAdvice beans: 0 @ModelAttribute, 0 @InitBinder, 1 RequestBodyAdvice, 1 ResponseBodyAdvice
2026-01-06 13:15:08.627 DEBUG [Test worker] o.s.w.s.m.m.a.ExceptionHandlerExceptionResolver - ControllerAdvice beans: 2 @ExceptionHandler, 1 ResponseBodyAdvice
2026-01-06 13:15:08.683 WARN  [Test worker] o.s.s.c.a.web.builders.WebSecurity - You are asking Spring Security to ignore Deferred [Mvc [pattern='/v3/api-docs/**'], Ant [pattern='/v3/api-docs/**']]. This is not recommended -- please use permitAll via HttpSecurity#authorizeHttpRequests instead.
2026-01-06 13:15:08.683 DEBUG [Test worker] o.s.s.web.DefaultSecurityFilterChain - Will not secure Deferred [Mvc [pattern='/v3/api-docs/**'], Ant [pattern='/v3/api-docs/**']]
2026-01-06 13:15:08.683 WARN  [Test worker] o.s.s.c.a.web.builders.WebSecurity - You are asking Spring Security to ignore Deferred [Mvc [pattern='/swagger-ui/**'], Ant [pattern='/swagger-ui/**']]. This is not recommended -- please use permitAll via HttpSecurity#authorizeHttpRequests instead.
2026-01-06 13:15:08.683 DEBUG [Test worker] o.s.s.web.DefaultSecurityFilterChain - Will not secure Deferred [Mvc [pattern='/swagger-ui/**'], Ant [pattern='/swagger-ui/**']]
2026-01-06 13:15:08.683 WARN  [Test worker] o.s.s.c.a.web.builders.WebSecurity - You are asking Spring Security to ignore Deferred [Mvc [pattern='/swagger-ui.html'], Ant [pattern='/swagger-ui.html']]. This is not recommended -- please use permitAll via HttpSecurity#authorizeHttpRequests instead.
2026-01-06 13:15:08.683 DEBUG [Test worker] o.s.s.web.DefaultSecurityFilterChain - Will not secure Deferred [Mvc [pattern='/swagger-ui.html'], Ant [pattern='/swagger-ui.html']]
2026-01-06 13:15:08.706 INFO  [Test worker] c.m.n.NabusiServerApplicationTests - Started NabusiServerApplicationTests in 2.895 seconds (process running for 3.339)
2026-01-06 13:15:08.948 INFO  [Test worker] o.s.t.c.s.AnnotationConfigContextLoaderUtils - Could not detect default configuration classes for test class [com.motiolab.nabusi_server.notificationPackage.notificationSms.application.SmsServiceImplTest]: SmsServiceImplTest does not declare any static, non-private, non-final, nested classes annotated with @Configuration.
2026-01-06 13:15:08.961 INFO  [Test worker] o.s.b.t.c.SpringBootTestContextBootstrapper - Found @SpringBootConfiguration com.motiolab.nabusi_server.NabusiServerApplication for test class com.motiolab.nabusi_server.notificationPackage.notificationSms.application.SmsServiceImplTest
2026-01-06 13:15:08.974 DEBUG [Test worker] o.s.web.client.RestTemplate - HTTP POST https://sens.apigw.ntruss.com/sms/v2/services/ncp:sms:kr:363881440036:nabusi/messages
2026-01-06 13:15:08.977 DEBUG [Test worker] o.s.web.client.RestTemplate - Accept=[application/json, application/cbor, application/*+json]
2026-01-06 13:15:08.978 DEBUG [Test worker] o.s.web.client.RestTemplate - Writing [com.motiolab.nabusi_server.notificationPackage.notificationSms.application.dto.SendSmsBodyRequest@3e5ee69] as "application/json"
2026-01-06 13:15:10.077 DEBUG [Test worker] o.s.web.client.RestTemplate - Response 202 ACCEPTED
2026-01-06 13:15:10.078 DEBUG [Test worker] o.s.web.client.RestTemplate - Reading to [com.motiolab.nabusi_server.notificationPackage.notificationSms.application.dto.SendSmsResponse]
2026-01-06 13:15:10.091 DEBUG [SpringApplicationShutdownHook] o.s.w.c.s.GenericWebApplicationContext - Closing org.springframework.web.context.support.GenericWebApplicationContext@763cf5b9, started on Tue Jan 06 13:15:05 KST 2026
2026-01-06 13:15:10.102 INFO  [SpringApplicationShutdownHook] o.s.o.j.LocalContainerEntityManagerFactoryBean - Closing JPA EntityManagerFactory for persistence unit 'default'
2026-01-06 13:15:10.103 INFO  [SpringApplicationShutdownHook] com.zaxxer.hikari.HikariDataSource - HikariPool-1 - Shutdown initiated...
2026-01-06 13:15:10.106 INFO  [SpringApplicationShutdownHook] com.zaxxer.hikari.HikariDataSource - HikariPool-1 - Shutdown completed.
